<?xml version="1.0" encoding="UTF-8"?>
<testsuite name="de.hohenheim.sopraproject.SopraProjectApplicationTests" tests="1" skipped="0" failures="0" errors="0" timestamp="2020-04-24T09:59:40" hostname="DESKTOP-75FSV1Q" time="0.553">
  <properties/>
  <testcase name="contextLoads()" classname="de.hohenheim.sopraproject.SopraProjectApplicationTests" time="0.553"/>
  <system-out><![CDATA[11:59:33.128 [Test worker] DEBUG org.springframework.test.context.BootstrapUtils - Instantiating CacheAwareContextLoaderDelegate from class [org.springframework.test.context.cache.DefaultCacheAwareContextLoaderDelegate]
11:59:33.147 [Test worker] DEBUG org.springframework.test.context.BootstrapUtils - Instantiating BootstrapContext using constructor [public org.springframework.test.context.support.DefaultBootstrapContext(java.lang.Class,org.springframework.test.context.CacheAwareContextLoaderDelegate)]
11:59:33.189 [Test worker] DEBUG org.springframework.test.context.BootstrapUtils - Instantiating TestContextBootstrapper for test class [de.hohenheim.sopraproject.SopraProjectApplicationTests] from class [org.springframework.boot.test.context.SpringBootTestContextBootstrapper]
11:59:33.208 [Test worker] INFO org.springframework.boot.test.context.SpringBootTestContextBootstrapper - Neither @ContextConfiguration nor @ContextHierarchy found for test class [de.hohenheim.sopraproject.SopraProjectApplicationTests], using SpringBootContextLoader
11:59:33.215 [Test worker] DEBUG org.springframework.test.context.support.AbstractContextLoader - Did not detect default resource location for test class [de.hohenheim.sopraproject.SopraProjectApplicationTests]: class path resource [de/hohenheim/sopraproject/SopraProjectApplicationTests-context.xml] does not exist
11:59:33.216 [Test worker] DEBUG org.springframework.test.context.support.AbstractContextLoader - Did not detect default resource location for test class [de.hohenheim.sopraproject.SopraProjectApplicationTests]: class path resource [de/hohenheim/sopraproject/SopraProjectApplicationTestsContext.groovy] does not exist
11:59:33.217 [Test worker] INFO org.springframework.test.context.support.AbstractContextLoader - Could not detect default resource locations for test class [de.hohenheim.sopraproject.SopraProjectApplicationTests]: no resource found for suffixes {-context.xml, Context.groovy}.
11:59:33.219 [Test worker] INFO org.springframework.test.context.support.AnnotationConfigContextLoaderUtils - Could not detect default configuration classes for test class [de.hohenheim.sopraproject.SopraProjectApplicationTests]: SopraProjectApplicationTests does not declare any static, non-private, non-final, nested classes annotated with @Configuration.
11:59:33.276 [Test worker] DEBUG org.springframework.test.context.support.ActiveProfilesUtils - Could not find an 'annotation declaring class' for annotation type [org.springframework.test.context.ActiveProfiles] and class [de.hohenheim.sopraproject.SopraProjectApplicationTests]
11:59:33.368 [Test worker] DEBUG org.springframework.context.annotation.ClassPathScanningCandidateComponentProvider - Identified candidate component class: file [C:\Users\Chris Hasselbach\IdeaProjects\Softwarepraktikum-Sopra-SS20\build\classes\java\main\de\hohenheim\sopraproject\SopraProjectApplication.class]
11:59:33.370 [Test worker] INFO org.springframework.boot.test.context.SpringBootTestContextBootstrapper - Found @SpringBootConfiguration de.hohenheim.sopraproject.SopraProjectApplication for test class de.hohenheim.sopraproject.SopraProjectApplicationTests
11:59:33.514 [Test worker] DEBUG org.springframework.boot.test.context.SpringBootTestContextBootstrapper - @TestExecutionListeners is not present for class [de.hohenheim.sopraproject.SopraProjectApplicationTests]: using defaults.
11:59:33.516 [Test worker] INFO org.springframework.boot.test.context.SpringBootTestContextBootstrapper - Loaded default TestExecutionListener class names from location [META-INF/spring.factories]: [org.springframework.boot.test.autoconfigure.restdocs.RestDocsTestExecutionListener, org.springframework.boot.test.autoconfigure.web.client.MockRestServiceServerResetTestExecutionListener, org.springframework.boot.test.autoconfigure.web.servlet.MockMvcPrintOnlyOnFailureTestExecutionListener, org.springframework.boot.test.autoconfigure.web.servlet.WebDriverTestExecutionListener, org.springframework.boot.test.mock.mockito.MockitoTestExecutionListener, org.springframework.boot.test.mock.mockito.ResetMocksTestExecutionListener, org.springframework.test.context.web.ServletTestExecutionListener, org.springframework.test.context.support.DirtiesContextBeforeModesTestExecutionListener, org.springframework.test.context.support.DependencyInjectionTestExecutionListener, org.springframework.test.context.support.DirtiesContextTestExecutionListener, org.springframework.test.context.transaction.TransactionalTestExecutionListener, org.springframework.test.context.jdbc.SqlScriptsTestExecutionListener, org.springframework.test.context.event.EventPublishingTestExecutionListener]
11:59:33.543 [Test worker] INFO org.springframework.boot.test.context.SpringBootTestContextBootstrapper - Using TestExecutionListeners: [org.springframework.test.context.web.ServletTestExecutionListener@4ed79960, org.springframework.test.context.support.DirtiesContextBeforeModesTestExecutionListener@5914b6b3, org.springframework.boot.test.mock.mockito.MockitoTestExecutionListener@29be5390, org.springframework.boot.test.autoconfigure.SpringBootDependencyInjectionTestExecutionListener@7061ca73, org.springframework.test.context.support.DirtiesContextTestExecutionListener@28f4186, org.springframework.test.context.transaction.TransactionalTestExecutionListener@7ed2de4a, org.springframework.test.context.jdbc.SqlScriptsTestExecutionListener@252b20d3, org.springframework.test.context.event.EventPublishingTestExecutionListener@5b675457, org.springframework.boot.test.autoconfigure.restdocs.RestDocsTestExecutionListener@231cbdcc, org.springframework.boot.test.autoconfigure.web.client.MockRestServiceServerResetTestExecutionListener@4bd4176b, org.springframework.boot.test.autoconfigure.web.servlet.MockMvcPrintOnlyOnFailureTestExecutionListener@37059b7a, org.springframework.boot.test.autoconfigure.web.servlet.WebDriverTestExecutionListener@5621b421, org.springframework.boot.test.mock.mockito.ResetMocksTestExecutionListener@101581f4]
11:59:33.552 [Test worker] DEBUG org.springframework.test.context.support.AbstractDirtiesContextTestExecutionListener - Before test class: context [DefaultTestContext@331c154f testClass = SopraProjectApplicationTests, testInstance = [null], testMethod = [null], testException = [null], mergedContextConfiguration = [WebMergedContextConfiguration@15132616 testClass = SopraProjectApplicationTests, locations = '{}', classes = '{class de.hohenheim.sopraproject.SopraProjectApplication}', contextInitializerClasses = '[]', activeProfiles = '{}', propertySourceLocations = '{}', propertySourceProperties = '{org.springframework.boot.test.context.SpringBootTestContextBootstrapper=true}', contextCustomizers = set[org.springframework.boot.test.autoconfigure.properties.PropertyMappingContextCustomizer@0, org.springframework.boot.test.autoconfigure.web.servlet.WebDriverContextCustomizerFactory$Customizer@171dc301, org.springframework.boot.test.context.filter.ExcludeFilterContextCustomizer@7a8b4af, org.springframework.boot.test.json.DuplicateJsonObjectContextCustomizerFactory$DuplicateJsonObjectContextCustomizer@3207b896, org.springframework.boot.test.mock.mockito.MockitoContextCustomizer@0, org.springframework.boot.test.web.client.TestRestTemplateContextCustomizer@6bd2ae1a], resourceBasePath = 'src/main/webapp', contextLoader = 'org.springframework.boot.test.context.SpringBootContextLoader', parent = [null]], attributes = map['org.springframework.test.context.web.ServletTestExecutionListener.activateListener' -> true]], class annotated with @DirtiesContext [false] with mode [null].
11:59:33.619 [Test worker] DEBUG org.springframework.test.context.support.TestPropertySourceUtils - Adding inlined properties to environment: {spring.jmx.enabled=false, org.springframework.boot.test.context.SpringBootTestContextBootstrapper=true, server.port=-1}

  .   ____          _            __ _ _
 /\\ / ___'_ __ _ _(_)_ __  __ _ \ \ \ \
( ( )\___ | '_ | '_| | '_ \/ _` | \ \ \ \
 \\/  ___)| |_)| | | | | || (_| |  ) ) ) )
  '  |____| .__|_| |_|_| |_\__, | / / / /
 =========|_|==============|___/=/_/_/_/
 :: Spring Boot ::        (v2.2.6.RELEASE)

2020-04-24 11:59:34.129  INFO 1056 --- [    Test worker] d.h.s.SopraProjectApplicationTests       : Starting SopraProjectApplicationTests on DESKTOP-75FSV1Q with PID 1056 (started by Chris Hasselbach in C:\Users\Chris Hasselbach\IdeaProjects\Softwarepraktikum-Sopra-SS20)
2020-04-24 11:59:34.131  INFO 1056 --- [    Test worker] d.h.s.SopraProjectApplicationTests       : No active profile set, falling back to default profiles: default
2020-04-24 11:59:35.502  INFO 1056 --- [    Test worker] .s.d.r.c.RepositoryConfigurationDelegate : Bootstrapping Spring Data JPA repositories in DEFAULT mode.
2020-04-24 11:59:35.541  INFO 1056 --- [    Test worker] .s.d.r.c.RepositoryConfigurationDelegate : Finished Spring Data repository scanning in 24ms. Found 0 JPA repository interfaces.
2020-04-24 11:59:36.484  INFO 1056 --- [    Test worker] com.zaxxer.hikari.HikariDataSource       : HikariPool-1 - Starting...
2020-04-24 11:59:36.838  INFO 1056 --- [    Test worker] com.zaxxer.hikari.HikariDataSource       : HikariPool-1 - Start completed.
2020-04-24 11:59:37.007  INFO 1056 --- [    Test worker] o.hibernate.jpa.internal.util.LogHelper  : HHH000204: Processing PersistenceUnitInfo [name: default]
2020-04-24 11:59:37.189  INFO 1056 --- [    Test worker] org.hibernate.Version                    : HHH000412: Hibernate ORM core version 5.4.12.Final
2020-04-24 11:59:37.531  INFO 1056 --- [    Test worker] o.hibernate.annotations.common.Version   : HCANN000001: Hibernate Commons Annotations {5.1.0.Final}
2020-04-24 11:59:37.790  INFO 1056 --- [    Test worker] org.hibernate.dialect.Dialect            : HHH000400: Using dialect: org.hibernate.dialect.H2Dialect
2020-04-24 11:59:38.202  INFO 1056 --- [    Test worker] o.h.e.t.j.p.i.JtaPlatformInitiator       : HHH000490: Using JtaPlatform implementation: [org.hibernate.engine.transaction.jta.platform.internal.NoJtaPlatform]
2020-04-24 11:59:38.211  INFO 1056 --- [    Test worker] j.LocalContainerEntityManagerFactoryBean : Initialized JPA EntityManagerFactory for persistence unit 'default'
2020-04-24 11:59:38.603  WARN 1056 --- [    Test worker] JpaBaseConfiguration$JpaWebConfiguration : spring.jpa.open-in-view is enabled by default. Therefore, database queries may be performed during view rendering. Explicitly configure spring.jpa.open-in-view to disable this warning
2020-04-24 11:59:39.110  INFO 1056 --- [    Test worker] o.s.s.concurrent.ThreadPoolTaskExecutor  : Initializing ExecutorService 'applicationTaskExecutor'
2020-04-24 11:59:39.778  INFO 1056 --- [    Test worker] o.s.b.a.h2.H2ConsoleAutoConfiguration    : H2 console available at '/console'. Database available at 'jdbc:h2:mem:testdb'
2020-04-24 11:59:40.024  INFO 1056 --- [    Test worker] d.h.s.SopraProjectApplicationTests       : Started SopraProjectApplicationTests in 6.388 seconds (JVM running for 7.876)
]]></system-out>
  <system-err><![CDATA[]]></system-err>
</testsuite>
